<?xml version="1.0" encoding="UTF-8"?>
<!-- Generated by org.testng.reporters.JUnitReportReporter -->
<testsuite hostname="K589LTRV" failures="1" tests="1" name="com.himalaya.runner.TestRunner" time="22.846" errors="0" timestamp="2024-05-07T11:39:13 IST" skipped="0">
  <testcase classname="com.himalaya.runner.TestRunner" name="runScenario" time="22.846">
    <failure message="Test case failed: target frame detached
  (failed to check if window was closed: disconnected: Unable to receive message from renderer)
  (Session info: MicrosoftEdge=124.0.2478.80)
Build info: version: &#039;4.18.1&#039;, revision: &#039;b1d3319b48&#039;
System info: os.name: &#039;Windows 10&#039;, os.arch: &#039;amd64&#039;, os.version: &#039;10.0&#039;, java.version: &#039;17.0.1&#039;
Driver info: org.openqa.selenium.edge.EdgeDriver
Command: [91b7d1a99dca2a8ffaa870dd6349202a, findElement {using=xpath, value=//h1[@class=&#039;dib-category-title&#039;]}]
Capabilities {acceptInsecureCerts: false, browserName: MicrosoftEdge, browserVersion: 124.0.2478.80, fedcm:accounts: true, ms:edgeOptions: {debuggerAddress: localhost:59652}, msedge: {msedgedriverVersion: 124.0.2478.80 (b05b378d1705..., userDataDir: C:\Users\268852\AppData\Loc...}, networkConnectionEnabled: false, pageLoadStrategy: normal, platformName: windows, proxy: Proxy(), se:cdp: ws://localhost:59652/devtoo..., se:cdpVersion: 124.0.2478.80, setWindowRect: true, strictFileInteractability: false, timeouts: {implicit: 0, pageLoad: 300000, script: 30000}, unhandledPromptBehavior: dismiss and notify, webauthn:extension:credBlob: true, webauthn:extension:largeBlob: true, webauthn:extension:minPinLength: true, webauthn:extension:prf: true, webauthn:virtualAuthenticators: true}
Session ID: 91b7d1a99dca2a8ffaa870dd6349202a" type="java.lang.AssertionError">
      <![CDATA[java.lang.AssertionError: Test case failed: target frame detached
  (failed to check if window was closed: disconnected: Unable to receive message from renderer)
  (Session info: MicrosoftEdge=124.0.2478.80)
Build info: version: '4.18.1', revision: 'b1d3319b48'
System info: os.name: 'Windows 10', os.arch: 'amd64', os.version: '10.0', java.version: '17.0.1'
Driver info: org.openqa.selenium.edge.EdgeDriver
Command: [91b7d1a99dca2a8ffaa870dd6349202a, findElement {using=xpath, value=//h1[@class='dib-category-title']}]
Capabilities {acceptInsecureCerts: false, browserName: MicrosoftEdge, browserVersion: 124.0.2478.80, fedcm:accounts: true, ms:edgeOptions: {debuggerAddress: localhost:59652}, msedge: {msedgedriverVersion: 124.0.2478.80 (b05b378d1705..., userDataDir: C:\Users\268852\AppData\Loc...}, networkConnectionEnabled: false, pageLoadStrategy: normal, platformName: windows, proxy: Proxy(), se:cdp: ws://localhost:59652/devtoo..., se:cdpVersion: 124.0.2478.80, setWindowRect: true, strictFileInteractability: false, timeouts: {implicit: 0, pageLoad: 300000, script: 30000}, unhandledPromptBehavior: dismiss and notify, webauthn:extension:credBlob: true, webauthn:extension:largeBlob: true, webauthn:extension:minPinLength: true, webauthn:extension:prf: true, webauthn:virtualAuthenticators: true}
Session ID: 91b7d1a99dca2a8ffaa870dd6349202a
at org.testng.Assert.fail(Assert.java:111)
at com.himalaya.base.ReusableFunctions.reportFail(ReusableFunctions.java:238)
at com.himalaya.base.ReusableFunctions.getText(ReusableFunctions.java:163)
at com.himalaya.pom.BlogPagePOM.generalHealthTitle(BlogPagePOM.java:58)
at com.himalaya.step_definitions.BlogTest.user_validates_the_heading_of_page_as_and_takes_the_list_of_all_blogs_related_to_general_health(BlogTest.java:50)
at ✽.User validates the heading of page as "General Health" and takes the list of all blogs related to General Health(classpath:features//Blog.feature:10)
]]>
    </failure>
  </testcase> <!-- runScenario -->
</testsuite> <!-- com.himalaya.runner.TestRunner -->
